[0.762s] Invoking command in '/home/tony/Course/Final_ws/src/finalproject': PYTHONPATH=/home/tony/Course/Final_ws/build/finalproject/prefix_override:/home/tony/Course/Final_ws/install/finalproject/lib/python3.10/site-packages:${PYTHONPATH} /usr/bin/python3 setup.py egg_info --egg-base ../../build/finalproject build --build-base /home/tony/Course/Final_ws/build/finalproject/build install --record /home/tony/Course/Final_ws/build/finalproject/install.log --single-version-externally-managed
[1.023s] running egg_info
[1.023s] writing ../../build/finalproject/finalproject.egg-info/PKG-INFO
[1.024s] writing dependency_links to ../../build/finalproject/finalproject.egg-info/dependency_links.txt
[1.024s] writing entry points to ../../build/finalproject/finalproject.egg-info/entry_points.txt
[1.024s] writing requirements to ../../build/finalproject/finalproject.egg-info/requires.txt
[1.024s] writing top-level names to ../../build/finalproject/finalproject.egg-info/top_level.txt
[1.026s] reading manifest file '../../build/finalproject/finalproject.egg-info/SOURCES.txt'
[1.027s] writing manifest file '../../build/finalproject/finalproject.egg-info/SOURCES.txt'
[1.027s] running build
[1.027s] running build_py
[1.027s] copying finalproject/navigator.py -> /home/tony/Course/Final_ws/build/finalproject/build/lib/finalproject
[1.027s] running install
[1.028s] running install_lib
[1.028s] copying /home/tony/Course/Final_ws/build/finalproject/build/lib/finalproject/navigator.py -> /home/tony/Course/Final_ws/install/finalproject/lib/python3.10/site-packages/finalproject
[1.029s] byte-compiling /home/tony/Course/Final_ws/install/finalproject/lib/python3.10/site-packages/finalproject/navigator.py to navigator.cpython-310.pyc
[1.033s] running install_data
[1.034s] running install_egg_info
[1.037s] removing '/home/tony/Course/Final_ws/install/finalproject/lib/python3.10/site-packages/finalproject-0.0.0-py3.10.egg-info' (and everything under it)
[1.041s] Copying ../../build/finalproject/finalproject.egg-info to /home/tony/Course/Final_ws/install/finalproject/lib/python3.10/site-packages/finalproject-0.0.0-py3.10.egg-info
[1.042s] running install_scripts
[1.062s] Installing armControl script to /home/tony/Course/Final_ws/install/finalproject/lib/finalproject
[1.062s] Installing navigator script to /home/tony/Course/Final_ws/install/finalproject/lib/finalproject
[1.062s] writing list of installed files to '/home/tony/Course/Final_ws/build/finalproject/install.log'
[1.090s] Invoked command in '/home/tony/Course/Final_ws/src/finalproject' returned '0': PYTHONPATH=/home/tony/Course/Final_ws/build/finalproject/prefix_override:/home/tony/Course/Final_ws/install/finalproject/lib/python3.10/site-packages:${PYTHONPATH} /usr/bin/python3 setup.py egg_info --egg-base ../../build/finalproject build --build-base /home/tony/Course/Final_ws/build/finalproject/build install --record /home/tony/Course/Final_ws/build/finalproject/install.log --single-version-externally-managed
