[0.665s] Invoking command in '/home/tony/Course/Final_ws/src/finalproject': PYTHONPATH=/home/tony/Course/Final_ws/build/finalproject/prefix_override:/home/tony/Course/Final_ws/install/finalproject/lib/python3.10/site-packages:${PYTHONPATH} /usr/bin/python3 setup.py egg_info --egg-base ../../build/finalproject build --build-base /home/tony/Course/Final_ws/build/finalproject/build install --record /home/tony/Course/Final_ws/build/finalproject/install.log --single-version-externally-managed
[0.916s] running egg_info
[0.916s] writing ../../build/finalproject/finalproject.egg-info/PKG-INFO
[0.916s] writing dependency_links to ../../build/finalproject/finalproject.egg-info/dependency_links.txt
[0.917s] writing entry points to ../../build/finalproject/finalproject.egg-info/entry_points.txt
[0.917s] writing requirements to ../../build/finalproject/finalproject.egg-info/requires.txt
[0.917s] writing top-level names to ../../build/finalproject/finalproject.egg-info/top_level.txt
[0.919s] reading manifest file '../../build/finalproject/finalproject.egg-info/SOURCES.txt'
[0.920s] writing manifest file '../../build/finalproject/finalproject.egg-info/SOURCES.txt'
[0.920s] running build
[0.920s] running build_py
[0.920s] running install
[0.921s] running install_lib
[0.922s] running install_data
[0.922s] running install_egg_info
[0.927s] removing '/home/tony/Course/Final_ws/install/finalproject/lib/python3.10/site-packages/finalproject-0.0.0-py3.10.egg-info' (and everything under it)
[0.927s] Copying ../../build/finalproject/finalproject.egg-info to /home/tony/Course/Final_ws/install/finalproject/lib/python3.10/site-packages/finalproject-0.0.0-py3.10.egg-info
[0.927s] running install_scripts
[0.944s] Installing armControl script to /home/tony/Course/Final_ws/install/finalproject/lib/finalproject
[0.944s] Installing combine script to /home/tony/Course/Final_ws/install/finalproject/lib/finalproject
[0.944s] Installing navigator script to /home/tony/Course/Final_ws/install/finalproject/lib/finalproject
[0.944s] writing list of installed files to '/home/tony/Course/Final_ws/build/finalproject/install.log'
[0.973s] Invoked command in '/home/tony/Course/Final_ws/src/finalproject' returned '0': PYTHONPATH=/home/tony/Course/Final_ws/build/finalproject/prefix_override:/home/tony/Course/Final_ws/install/finalproject/lib/python3.10/site-packages:${PYTHONPATH} /usr/bin/python3 setup.py egg_info --egg-base ../../build/finalproject build --build-base /home/tony/Course/Final_ws/build/finalproject/build install --record /home/tony/Course/Final_ws/build/finalproject/install.log --single-version-externally-managed
