/home/tony/Course/Final_ws/install/finalproject/lib/python3.10/site-packages/finalproject/combine.py
/home/tony/Course/Final_ws/install/finalproject/lib/python3.10/site-packages/finalproject/armControl.py
/home/tony/Course/Final_ws/install/finalproject/lib/python3.10/site-packages/finalproject/__init__.py
/home/tony/Course/Final_ws/install/finalproject/lib/python3.10/site-packages/finalproject/navigator.py
/home/tony/Course/Final_ws/install/finalproject/lib/python3.10/site-packages/finalproject/__pycache__/combine.cpython-310.pyc
/home/tony/Course/Final_ws/install/finalproject/lib/python3.10/site-packages/finalproject/__pycache__/armControl.cpython-310.pyc
/home/tony/Course/Final_ws/install/finalproject/lib/python3.10/site-packages/finalproject/__pycache__/__init__.cpython-310.pyc
/home/tony/Course/Final_ws/install/finalproject/lib/python3.10/site-packages/finalproject/__pycache__/navigator.cpython-310.pyc
/home/tony/Course/Final_ws/install/finalproject/share/ament_index/resource_index/packages/finalproject
/home/tony/Course/Final_ws/install/finalproject/share/finalproject/package.xml
/home/tony/Course/Final_ws/install/finalproject/lib/python3.10/site-packages/finalproject-0.0.0-py3.10.egg-info/zip-safe
/home/tony/Course/Final_ws/install/finalproject/lib/python3.10/site-packages/finalproject-0.0.0-py3.10.egg-info/entry_points.txt
/home/tony/Course/Final_ws/install/finalproject/lib/python3.10/site-packages/finalproject-0.0.0-py3.10.egg-info/requires.txt
/home/tony/Course/Final_ws/install/finalproject/lib/python3.10/site-packages/finalproject-0.0.0-py3.10.egg-info/top_level.txt
/home/tony/Course/Final_ws/install/finalproject/lib/python3.10/site-packages/finalproject-0.0.0-py3.10.egg-info/dependency_links.txt
/home/tony/Course/Final_ws/install/finalproject/lib/python3.10/site-packages/finalproject-0.0.0-py3.10.egg-info/SOURCES.txt
/home/tony/Course/Final_ws/install/finalproject/lib/python3.10/site-packages/finalproject-0.0.0-py3.10.egg-info/PKG-INFO
/home/tony/Course/Final_ws/install/finalproject/lib/finalproject/armControl
/home/tony/Course/Final_ws/install/finalproject/lib/finalproject/combine
/home/tony/Course/Final_ws/install/finalproject/lib/finalproject/navigator
