[0.534s] Invoking command in '/home/tony/Course/Final_ws/src/finalproject': PYTHONPATH=/home/tony/Course/Final_ws/build/finalproject/prefix_override:/home/tony/Course/Final_ws/install/finalproject/lib/python3.10/site-packages:${PYTHONPATH} /usr/bin/python3 setup.py egg_info --egg-base ../../build/finalproject build --build-base /home/tony/Course/Final_ws/build/finalproject/build install --record /home/tony/Course/Final_ws/build/finalproject/install.log --single-version-externally-managed
[0.756s] running egg_info
[0.756s] creating ../../build/finalproject/finalproject.egg-info
[0.757s] writing ../../build/finalproject/finalproject.egg-info/PKG-INFO
[0.757s] writing dependency_links to ../../build/finalproject/finalproject.egg-info/dependency_links.txt
[0.757s] writing entry points to ../../build/finalproject/finalproject.egg-info/entry_points.txt
[0.757s] writing requirements to ../../build/finalproject/finalproject.egg-info/requires.txt
[0.757s] writing top-level names to ../../build/finalproject/finalproject.egg-info/top_level.txt
[0.757s] writing manifest file '../../build/finalproject/finalproject.egg-info/SOURCES.txt'
[0.758s] reading manifest file '../../build/finalproject/finalproject.egg-info/SOURCES.txt'
[0.759s] writing manifest file '../../build/finalproject/finalproject.egg-info/SOURCES.txt'
[0.759s] running build
[0.759s] running build_py
[0.759s] creating /home/tony/Course/Final_ws/build/finalproject/build
[0.759s] creating /home/tony/Course/Final_ws/build/finalproject/build/lib
[0.759s] creating /home/tony/Course/Final_ws/build/finalproject/build/lib/finalproject
[0.759s] copying finalproject/__init__.py -> /home/tony/Course/Final_ws/build/finalproject/build/lib/finalproject
[0.759s] copying finalproject/navigator.py -> /home/tony/Course/Final_ws/build/finalproject/build/lib/finalproject
[0.759s] running install
[0.759s] running install_lib
[0.760s] creating /home/tony/Course/Final_ws/install/finalproject/lib/python3.10/site-packages/finalproject
[0.760s] copying /home/tony/Course/Final_ws/build/finalproject/build/lib/finalproject/__init__.py -> /home/tony/Course/Final_ws/install/finalproject/lib/python3.10/site-packages/finalproject
[0.760s] copying /home/tony/Course/Final_ws/build/finalproject/build/lib/finalproject/navigator.py -> /home/tony/Course/Final_ws/install/finalproject/lib/python3.10/site-packages/finalproject
[0.760s] byte-compiling /home/tony/Course/Final_ws/install/finalproject/lib/python3.10/site-packages/finalproject/__init__.py to __init__.cpython-310.pyc
[0.760s] byte-compiling /home/tony/Course/Final_ws/install/finalproject/lib/python3.10/site-packages/finalproject/navigator.py to navigator.cpython-310.pyc
[0.761s] running install_data
[0.761s] creating /home/tony/Course/Final_ws/install/finalproject/share/ament_index
[0.761s] creating /home/tony/Course/Final_ws/install/finalproject/share/ament_index/resource_index
[0.761s] creating /home/tony/Course/Final_ws/install/finalproject/share/ament_index/resource_index/packages
[0.761s] copying resource/finalproject -> /home/tony/Course/Final_ws/install/finalproject/share/ament_index/resource_index/packages
[0.761s] copying package.xml -> /home/tony/Course/Final_ws/install/finalproject/share/finalproject
[0.761s] running install_egg_info
[0.762s] Copying ../../build/finalproject/finalproject.egg-info to /home/tony/Course/Final_ws/install/finalproject/lib/python3.10/site-packages/finalproject-0.0.0-py3.10.egg-info
[0.763s] running install_scripts
[0.779s] Installing navigator script to /home/tony/Course/Final_ws/install/finalproject/lib/finalproject
[0.779s] writing list of installed files to '/home/tony/Course/Final_ws/build/finalproject/install.log'
[0.800s] Invoked command in '/home/tony/Course/Final_ws/src/finalproject' returned '0': PYTHONPATH=/home/tony/Course/Final_ws/build/finalproject/prefix_override:/home/tony/Course/Final_ws/install/finalproject/lib/python3.10/site-packages:${PYTHONPATH} /usr/bin/python3 setup.py egg_info --egg-base ../../build/finalproject build --build-base /home/tony/Course/Final_ws/build/finalproject/build install --record /home/tony/Course/Final_ws/build/finalproject/install.log --single-version-externally-managed
