[0.569s] Invoking command in '/home/tony/Course/Final_ws/src/finalproject': PYTHONPATH=/home/tony/Course/Final_ws/build/finalproject/prefix_override:/home/tony/Course/Final_ws/install/finalproject/lib/python3.10/site-packages:${PYTHONPATH} /usr/bin/python3 setup.py egg_info --egg-base ../../build/finalproject build --build-base /home/tony/Course/Final_ws/build/finalproject/build install --record /home/tony/Course/Final_ws/build/finalproject/install.log --single-version-externally-managed
[0.770s] running egg_info
[0.770s] writing ../../build/finalproject/finalproject.egg-info/PKG-INFO
[0.770s] writing dependency_links to ../../build/finalproject/finalproject.egg-info/dependency_links.txt
[0.770s] writing entry points to ../../build/finalproject/finalproject.egg-info/entry_points.txt
[0.770s] writing requirements to ../../build/finalproject/finalproject.egg-info/requires.txt
[0.770s] writing top-level names to ../../build/finalproject/finalproject.egg-info/top_level.txt
[0.772s] reading manifest file '../../build/finalproject/finalproject.egg-info/SOURCES.txt'
[0.772s] writing manifest file '../../build/finalproject/finalproject.egg-info/SOURCES.txt'
[0.772s] running build
[0.772s] running build_py
[0.772s] copying finalproject/armControl.py -> /home/tony/Course/Final_ws/build/finalproject/build/lib/finalproject
[0.773s] running install
[0.773s] running install_lib
[0.773s] copying /home/tony/Course/Final_ws/build/finalproject/build/lib/finalproject/armControl.py -> /home/tony/Course/Final_ws/install/finalproject/lib/python3.10/site-packages/finalproject
[0.774s] byte-compiling /home/tony/Course/Final_ws/install/finalproject/lib/python3.10/site-packages/finalproject/armControl.py to armControl.cpython-310.pyc
[0.776s] running install_data
[0.777s] running install_egg_info
[0.778s] removing '/home/tony/Course/Final_ws/install/finalproject/lib/python3.10/site-packages/finalproject-0.0.0-py3.10.egg-info' (and everything under it)
[0.778s] Copying ../../build/finalproject/finalproject.egg-info to /home/tony/Course/Final_ws/install/finalproject/lib/python3.10/site-packages/finalproject-0.0.0-py3.10.egg-info
[0.779s] running install_scripts
[0.796s] Installing armControl script to /home/tony/Course/Final_ws/install/finalproject/lib/finalproject
[0.796s] Installing navigator script to /home/tony/Course/Final_ws/install/finalproject/lib/finalproject
[0.796s] writing list of installed files to '/home/tony/Course/Final_ws/build/finalproject/install.log'
[0.819s] Invoked command in '/home/tony/Course/Final_ws/src/finalproject' returned '0': PYTHONPATH=/home/tony/Course/Final_ws/build/finalproject/prefix_override:/home/tony/Course/Final_ws/install/finalproject/lib/python3.10/site-packages:${PYTHONPATH} /usr/bin/python3 setup.py egg_info --egg-base ../../build/finalproject build --build-base /home/tony/Course/Final_ws/build/finalproject/build install --record /home/tony/Course/Final_ws/build/finalproject/install.log --single-version-externally-managed
